# JRE version: Java(TM) SE Runtime Environment (23.0+37) (build 23+37-2369)
# Java VM: Java HotSpot(TM) 64-Bit Server VM (23+37-2369, mixed mode, emulated-client, sharing, tiered, compressed oops, compressed class ptrs, g1 gc, windows-amd64)
GC Precious Log:
 CardTable entry size: 512
 Card Set container configuration: InlinePtr #cards 5 size 8 Array Of Cards #cards 10 size 36 Howl #buckets 4 coarsen threshold 1843 Howl Bitmap #cards 512 size 80 coarsen threshold 460 Card regions per heap region 1 cards per card region 2048
 CPUs: 12 total, 12 available
 Memory: 16068M
 Large Page Support: Disabled
 NUMA Support: Disabled
 Compressed Oops: Enabled (32-bit)
 Heap Region Size: 1M
 Heap Min Capacity: 8M
 Heap Initial Capacity: 252M
 Heap Max Capacity: 1G
 Pre-touch: Disabled
 Parallel Workers: 10
 Concurrent Workers: 3
 Concurrent Refinement Workers: 10
 Periodic GC: Disabled
Heap:
 garbage-first heap   total reserved 1048576K, committed 82944K, used 26458K [0x00000000c0000000, 0x0000000100000000)
  region size 1024K, 1 young (1024K), 0 survivors (0K)
 Metaspace       used 45030K, committed 45696K, reserved 1114112K
  class space    used 5700K, committed 6016K, reserved 1048576K
GC Heap History (20 events):
Event: 2707.133 GC heap after
{Heap after GC invocations=200 (full 189):
 garbage-first heap   total reserved 1048576K, committed 82944K, used 26458K [0x00000000c0000000, 0x0000000100000000)
  region size 1024K, 0 young (0K), 0 survivors (0K)
 Metaspace       used 45030K, committed 45696K, reserved 1114112K
  class space    used 5700K, committed 6016K, reserved 1048576K
}
Event: 2717.417 GC heap before
{Heap before GC invocations=200 (full 189):
 garbage-first heap   total reserved 1048576K, committed 82944K, used 26458K [0x00000000c0000000, 0x0000000100000000)
  region size 1024K, 1 young (1024K), 0 survivors (0K)
 Metaspace       used 45030K, committed 45696K, reserved 1114112K
  class space    used 5700K, committed 6016K, reserved 1048576K
}
Event: 2717.465 GC heap after
{Heap after GC invocations=201 (full 190):
 garbage-first heap   total reserved 1048576K, committed 82944K, used 26458K [0x00000000c0000000, 0x0000000100000000)
  region size 1024K, 0 young (0K), 0 survivors (0K)
 Metaspace       used 45030K, committed 45696K, reserved 1114112K
  class space    used 5700K, committed 6016K, reserved 1048576K
}
Event: 2727.784 GC heap before
{Heap before GC invocations=201 (full 190):
 garbage-first heap   total reserved 1048576K, committed 82944K, used 26458K [0x00000000c0000000, 0x0000000100000000)
  region size 1024K, 1 young (1024K), 0 survivors (0K)
 Metaspace       used 45030K, committed 45696K, reserved 1114112K
  class space    used 5700K, committed 6016K, reserved 1048576K
}
Event: 2727.821 GC heap after
{Heap after GC invocations=202 (full 191):
 garbage-first heap   total reserved 1048576K, committed 82944K, used 26458K [0x00000000c0000000, 0x0000000100000000)
  region size 1024K, 0 young (0K), 0 survivors (0K)
 Metaspace       used 45030K, committed 45696K, reserved 1114112K
  class space    used 5700K, committed 6016K, reserved 1048576K
}
Event: 2738.154 GC heap before
{Heap before GC invocations=202 (full 191):
 garbage-first heap   total reserved 1048576K, committed 82944K, used 26458K [0x00000000c0000000, 0x0000000100000000)
  region size 1024K, 1 young (1024K), 0 survivors (0K)
 Metaspace       used 45030K, committed 45696K, reserved 1114112K
  class space    used 5700K, committed 6016K, reserved 1048576K
}
Event: 2738.199 GC heap after
{Heap after GC invocations=203 (full 192):
 garbage-first heap   total reserved 1048576K, committed 82944K, used 26458K [0x00000000c0000000, 0x0000000100000000)
  region size 1024K, 0 young (0K), 0 survivors (0K)
 Metaspace       used 45030K, committed 45696K, reserved 1114112K
  class space    used 5700K, committed 6016K, reserved 1048576K
}
Event: 2749.273 GC heap before
{Heap before GC invocations=203 (full 192):
 garbage-first heap   total reserved 1048576K, committed 82944K, used 26458K [0x00000000c0000000, 0x0000000100000000)
  region size 1024K, 1 young (1024K), 0 survivors (0K)
 Metaspace       used 45030K, committed 45696K, reserved 1114112K
  class space    used 5700K, committed 6016K, reserved 1048576K
}
Event: 2749.332 GC heap after
{Heap after GC invocations=204 (full 193):
 garbage-first heap   total reserved 1048576K, committed 82944K, used 26458K [0x00000000c0000000, 0x0000000100000000)
  region size 1024K, 0 young (0K), 0 survivors (0K)
 Metaspace       used 45030K, committed 45696K, reserved 1114112K
  class space    used 5700K, committed 6016K, reserved 1048576K
}
Event: 2759.822 GC heap before
{Heap before GC invocations=204 (full 193):
 garbage-first heap   total reserved 1048576K, committed 82944K, used 26458K [0x00000000c0000000, 0x0000000100000000)
  region size 1024K, 1 young (1024K), 0 survivors (0K)
 Metaspace       used 45030K, committed 45696K, reserved 1114112K
  class space    used 5700K, committed 6016K, reserved 1048576K
}
Event: 2759.903 GC heap after
{Heap after GC invocations=205 (full 194):
 garbage-first heap   total reserved 1048576K, committed 82944K, used 26458K [0x00000000c0000000, 0x0000000100000000)
  region size 1024K, 0 young (0K), 0 survivors (0K)
 Metaspace       used 45030K, committed 45696K, reserved 1114112K
  class space    used 5700K, committed 6016K, reserved 1048576K
}
Event: 13245.954 GC heap before
{Heap before GC invocations=205 (full 194):
 garbage-first heap   total reserved 1048576K, committed 82944K, used 26458K [0x00000000c0000000, 0x0000000100000000)
  region size 1024K, 1 young (1024K), 0 survivors (0K)
 Metaspace       used 45030K, committed 45696K, reserved 1114112K
  class space    used 5700K, committed 6016K, reserved 1048576K
}
Event: 13245.999 GC heap after
{Heap after GC invocations=206 (full 195):
 garbage-first heap   total reserved 1048576K, committed 82944K, used 26458K [0x00000000c0000000, 0x0000000100000000)
  region size 1024K, 0 young (0K), 0 survivors (0K)
 Metaspace       used 45030K, committed 45696K, reserved 1114112K
  class space    used 5700K, committed 6016K, reserved 1048576K
}
Event: 13256.523 GC heap before
{Heap before GC invocations=206 (full 195):
 garbage-first heap   total reserved 1048576K, committed 82944K, used 26458K [0x00000000c0000000, 0x0000000100000000)
  region size 1024K, 1 young (1024K), 0 survivors (0K)
 Metaspace       used 45030K, committed 45696K, reserved 1114112K
  class space    used 5700K, committed 6016K, reserved 1048576K
}
Event: 13256.588 GC heap after
{Heap after GC invocations=207 (full 196):
 garbage-first heap   total reserved 1048576K, committed 82944K, used 26458K [0x00000000c0000000, 0x0000000100000000)
  region size 1024K, 0 young (0K), 0 survivors (0K)
 Metaspace       used 45030K, committed 45696K, reserved 1114112K
  class space    used 5700K, committed 6016K, reserved 1048576K
}
Event: 13267.158 GC heap before
{Heap before GC invocations=207 (full 196):
 garbage-first heap   total reserved 1048576K, committed 82944K, used 26458K [0x00000000c0000000, 0x0000000100000000)
  region size 1024K, 1 young (1024K), 0 survivors (0K)
 Metaspace       used 45030K, committed 45696K, reserved 1114112K
  class space    used 5700K, committed 6016K, reserved 1048576K
}
Event: 13267.244 GC heap after
{Heap after GC invocations=208 (full 197):
 garbage-first heap   total reserved 1048576K, committed 82944K, used 26458K [0x00000000c0000000, 0x0000000100000000)
  region size 1024K, 0 young (0K), 0 survivors (0K)
 Metaspace       used 45030K, committed 45696K, reserved 1114112K
  class space    used 5700K, committed 6016K, reserved 1048576K
}
Event: 13277.768 GC heap before
{Heap before GC invocations=208 (full 197):
 garbage-first heap   total reserved 1048576K, committed 82944K, used 26458K [0x00000000c0000000, 0x0000000100000000)
  region size 1024K, 1 young (1024K), 0 survivors (0K)
 Metaspace       used 45030K, committed 45696K, reserved 1114112K
  class space    used 5700K, committed 6016K, reserved 1048576K
}
Event: 13277.838 GC heap after
{Heap after GC invocations=209 (full 198):
 garbage-first heap   total reserved 1048576K, committed 82944K, used 26458K [0x00000000c0000000, 0x0000000100000000)
  region size 1024K, 0 young (0K), 0 survivors (0K)
 Metaspace       used 45030K, committed 45696K, reserved 1114112K
  class space    used 5700K, committed 6016K, reserved 1048576K
}
Event: 13287.984 GC heap before
{Heap before GC invocations=209 (full 198):
 garbage-first heap   total reserved 1048576K, committed 82944K, used 26458K [0x00000000c0000000, 0x0000000100000000)
  region size 1024K, 1 young (1024K), 0 survivors (0K)
 Metaspace       used 45030K, committed 45696K, reserved 1114112K
  class space    used 5700K, committed 6016K, reserved 1048576K
}

